<?xml version="1.0" encoding="UTF-8"?>
<!-- Generated by org.testng.reporters.JUnitReportReporter -->
<testsuite hostname="ERD-L164" name="com.sourceDemo.runners.Sourcedemo_TestRunner" tests="1" failures="0" timestamp="13 Sep 2021 02:13:30 GMT" time="12.694" errors="0">
  <testcase name="feature" time="12.694" classname="com.sourceDemo.runners.Sourcedemo_TestRunner"/>
</testsuite> <!-- com.sourceDemo.runners.Sourcedemo_TestRunner -->
